Using pre-set license
Built from '2020.3/staging' branch; Version is '2020.3.0f1 (c7b5465681fb) revision 13088070'; Using compiler version '192528614'; Build Type 'Release'
OS: 'Windows 10 Pro; OS build 19043.1165; Version 2009; 64bit' Language: 'ko' Physical Memory: 16333 MB
BatchMode: 1, IsHumanControllingUs: 0, StartBugReporterOnCrash: 0, Is64bit: 1, IsPro: 0

 COMMAND LINE ARGUMENTS:
C:\Program Files\Unity\Editor\Unity.exe
-adb2
-batchMode
-noUpm
-name
AssetImportWorker0
-projectPath
C:/Users/Inpea/Desktop/Proto_MK1
-logFile
Logs/AssetImportWorker0.log
-srvPort
50588
Successfully changed project path to: C:/Users/Inpea/Desktop/Proto_MK1
C:/Users/Inpea/Desktop/Proto_MK1
Using Asset Import Pipeline V2.
Refreshing native plugins compatible for Editor in 40.59 ms, found 0 plugins.
Preloading 0 native plugins for Editor in 0.00 ms.
Initialize engine version: 2020.3.0f1 (c7b5465681fb)
[Subsystems] Discovering subsystems at path C:/Program Files/Unity/Editor/Data/Resources/UnitySubsystems
[Subsystems] Discovering subsystems at path C:/Users/Inpea/Desktop/Proto_MK1/Assets
GfxDevice: creating device client; threaded=0
Direct3D:
    Version:  Direct3D 11.0 [level 11.1]
    Renderer: NVIDIA GeForce RTX 2060 (ID=0x1f08)
    Vendor:   
    VRAM:     5980 MB
    Driver:   27.21.14.5751
Initialize mono
Mono path[0] = 'C:/Program Files/Unity/Editor/Data/Managed'
Mono path[1] = 'C:/Program Files/Unity/Editor/Data/MonoBleedingEdge/lib/mono/unityjit'
Mono config path = 'C:/Program Files/Unity/Editor/Data/MonoBleedingEdge/etc'
Using monoOptions --debugger-agent=transport=dt_socket,embedding=1,server=y,suspend=n,address=127.0.0.1:56728
Begin MonoManager ReloadAssembly
Registering precompiled unity dll's ...
Register platform support module: C:/Program Files/Unity/Editor/Data/PlaybackEngines/WindowsStandaloneSupport/UnityEditor.WindowsStandalone.Extensions.dll
Registered in 0.003036 seconds.
Native extension for WindowsStandalone target not found
Refreshing native plugins compatible for Editor in 39.21 ms, found 0 plugins.
Preloading 0 native plugins for Editor in 0.00 ms.
Invoked RoslynAnalysisRunner static constructor.
RoslynAnalysisRunner will not be running.
RoslynAnalysisRunner has terminated.
Mono: successfully reloaded assembly
- Completed reload, in  1.156 seconds
Platform modules already initialized, skipping
Registering precompiled user dll's ...
Registered in 0.003159 seconds.
Begin MonoManager ReloadAssembly
Native extension for WindowsStandalone target not found
Refreshing native plugins compatible for Editor in 41.26 ms, found 0 plugins.
Preloading 0 native plugins for Editor in 0.00 ms.
Invoked RoslynAnalysisRunner static constructor.
RoslynAnalysisRunner will not be running.
RoslynAnalysisRunner has terminated.
Mono: successfully reloaded assembly
- Completed reload, in  0.917 seconds
Platform modules already initialized, skipping
========================================================================
Worker process is ready to serve import requests
Shader 'Universal Render Pipeline/Particles/Lit': fallback shader 'Universal Render Pipeline/Particles/SimpleLit' not found
Shader 'Universal Render Pipeline/Particles/Lit': fallback shader 'Universal Render Pipeline/Particles/SimpleLit' not found
Launched and connected shader compiler UnityShaderCompiler.exe after 0.05 seconds
Refreshing native plugins compatible for Editor in 0.45 ms, found 0 plugins.
Preloading 0 native plugins for Editor in 0.00 ms.
Unloading 2434 Unused Serialized files (Serialized files now loaded: 0)
System memory in use before: 115.2 MB.
System memory in use after: 113.3 MB.

Unloading 43 unused Assets to reduce memory usage. Loaded Objects now: 2850.
Total: 3.349100 ms (FindLiveObjects: 0.312800 ms CreateObjectMapping: 0.088100 ms MarkObjects: 2.000500 ms  DeleteObjects: 0.946100 ms)

========================================================================
Received Import Request.
  path: Assets/Game/Shaders/FrontBlock 1.shadergraph
  artifactKey: Guid(a9076cb063d303b4ca27c8e79201a8e1) Importer(815301076,1909f56bfc062723c751e8b465ee728b)
Start importing Assets/Game/Shaders/FrontBlock 1.shadergraph using Guid(a9076cb063d303b4ca27c8e79201a8e1) Importer(815301076,1909f56bfc062723c751e8b465ee728b)  -> (artifact id: '42493c1bef1dae953a41d0bea834d38c') in 0.059921 seconds
  Import took 0.063447 seconds .

========================================================================
Received Import Request.
  Time since last request: 157.130869 seconds.
  path: Assets/Game/Textures/N_Ground01.png
  artifactKey: Guid(b71d5da3cca2cc54798cf700c66e76a6) Importer(815301076,1909f56bfc062723c751e8b465ee728b)
Start importing Assets/Game/Textures/N_Ground01.png using Guid(b71d5da3cca2cc54798cf700c66e76a6) Importer(815301076,1909f56bfc062723c751e8b465ee728b)  -> (artifact id: '8d3f95bf675f4be016876403261c54d6') in 0.100143 seconds
  Import took 0.104225 seconds .

========================================================================
Received Import Request.
  Time since last request: 270.977333 seconds.
  path: Assets/Game/Shaders/UpBlock.shadergraph
  artifactKey: Guid(482f5bc7f3415bc418029c0474e4c463) Importer(815301076,1909f56bfc062723c751e8b465ee728b)
Start importing Assets/Game/Shaders/UpBlock.shadergraph using Guid(482f5bc7f3415bc418029c0474e4c463) Importer(815301076,1909f56bfc062723c751e8b465ee728b)  -> (artifact id: 'd614c0dcb213fa460ca3938479fc3f05') in 0.003593 seconds
  Import took 0.007261 seconds .

========================================================================
Received Import Request.
  Time since last request: 0.000486 seconds.
  path: Assets/Game/Shaders/UpBlock.shadergraph
  artifactKey: Guid(482f5bc7f3415bc418029c0474e4c463) Importer(815301076,1909f56bfc062723c751e8b465ee728b)
Start importing Assets/Game/Shaders/UpBlock.shadergraph using Guid(482f5bc7f3415bc418029c0474e4c463) Importer(815301076,1909f56bfc062723c751e8b465ee728b)  -> (artifact id: 'd614c0dcb213fa460ca3938479fc3f05') in 0.003143 seconds
  Import took 0.005795 seconds .

========================================================================
Received Import Request.
  Time since last request: 16.250667 seconds.
  path: Assets/Game/Shaders/UpBlock.shadergraph
  artifactKey: Guid(482f5bc7f3415bc418029c0474e4c463) Importer(815301076,1909f56bfc062723c751e8b465ee728b)
Start importing Assets/Game/Shaders/UpBlock.shadergraph using Guid(482f5bc7f3415bc418029c0474e4c463) Importer(815301076,1909f56bfc062723c751e8b465ee728b)  -> (artifact id: 'c5dc31dcb72945c7ce14f279b2d444dd') in 0.003484 seconds
  Import took 0.007143 seconds .

AssetImportWorkerClient::OnTransportError - code=2 error=End of file
