Using pre-set license
Built from '2020.3/staging' branch; Version is '2020.3.0f1 (c7b5465681fb) revision 13088070'; Using compiler version '192528614'; Build Type 'Release'
OS: 'Windows 10 Pro; OS build 19042.1165; Version 2009; 64bit' Language: 'ko' Physical Memory: 16333 MB
BatchMode: 1, IsHumanControllingUs: 0, StartBugReporterOnCrash: 0, Is64bit: 1, IsPro: 0

 COMMAND LINE ARGUMENTS:
E:\Unity\Unity Editor\2020.3.0f1\Editor\Unity.exe
-adb2
-batchMode
-noUpm
-name
AssetImportWorker0
-projectPath
E:/UnityProjects/CK_Proto_MK1
-logFile
Logs/AssetImportWorker0.log
-srvPort
11973
Successfully changed project path to: E:/UnityProjects/CK_Proto_MK1
E:/UnityProjects/CK_Proto_MK1
Using Asset Import Pipeline V2.
Refreshing native plugins compatible for Editor in 36.93 ms, found 0 plugins.
Preloading 0 native plugins for Editor in 0.00 ms.
Initialize engine version: 2020.3.0f1 (c7b5465681fb)
[Subsystems] Discovering subsystems at path E:/Unity/Unity Editor/2020.3.0f1/Editor/Data/Resources/UnitySubsystems
[Subsystems] Discovering subsystems at path E:/UnityProjects/CK_Proto_MK1/Assets
GfxDevice: creating device client; threaded=0
Direct3D:
    Version:  Direct3D 11.0 [level 11.1]
    Renderer: NVIDIA GeForce RTX 3070 (ID=0x2484)
    Vendor:   
    VRAM:     8043 MB
    Driver:   27.21.14.6089
Shader 'Universal Render Pipeline/Particles/Lit': fallback shader 'Universal Render Pipeline/Particles/SimpleLit' not found
Initialize mono
Mono path[0] = 'E:/Unity/Unity Editor/2020.3.0f1/Editor/Data/Managed'
Mono path[1] = 'E:/Unity/Unity Editor/2020.3.0f1/Editor/Data/MonoBleedingEdge/lib/mono/unityjit'
Mono config path = 'E:/Unity/Unity Editor/2020.3.0f1/Editor/Data/MonoBleedingEdge/etc'
Using monoOptions --debugger-agent=transport=dt_socket,embedding=1,server=y,suspend=n,address=127.0.0.1:56004
Begin MonoManager ReloadAssembly
Registering precompiled unity dll's ...
Register platform support module: E:/Unity/Unity Editor/2020.3.0f1/Editor/Data/PlaybackEngines/WebGLSupport/UnityEditor.WebGL.Extensions.dll
Register platform support module: E:/Unity/Unity Editor/2020.3.0f1/Editor/Data/PlaybackEngines/WindowsStandaloneSupport/UnityEditor.WindowsStandalone.Extensions.dll
Register platform support module: E:/Unity/Unity Editor/2020.3.0f1/Editor/Data/PlaybackEngines/LinuxStandaloneSupport/UnityEditor.LinuxStandalone.Extensions.dll
Registered in 0.001256 seconds.
Native extension for LinuxStandalone target not found
Native extension for WindowsStandalone target not found
Native extension for WebGL target not found
Refreshing native plugins compatible for Editor in 48.73 ms, found 0 plugins.
Preloading 0 native plugins for Editor in 0.00 ms.
Invoked RoslynAnalysisRunner static constructor.
RoslynAnalysisRunner will not be running.
RoslynAnalysisRunner has terminated.
Mono: successfully reloaded assembly
- Completed reload, in  1.338 seconds
Platform modules already initialized, skipping
Registering precompiled user dll's ...
Registered in 0.001254 seconds.
Begin MonoManager ReloadAssembly
Native extension for LinuxStandalone target not found
Native extension for WindowsStandalone target not found
Native extension for WebGL target not found
Refreshing native plugins compatible for Editor in 39.07 ms, found 0 plugins.
Preloading 0 native plugins for Editor in 0.00 ms.
Invoked RoslynAnalysisRunner static constructor.
RoslynAnalysisRunner will not be running.
RoslynAnalysisRunner has terminated.
Mono: successfully reloaded assembly
- Completed reload, in  0.904 seconds
Platform modules already initialized, skipping
========================================================================
Worker process is ready to serve import requests
Shader 'Universal Render Pipeline/Particles/Lit': fallback shader 'Universal Render Pipeline/Particles/SimpleLit' not found
Launched and connected shader compiler UnityShaderCompiler.exe after 0.04 seconds
Refreshing native plugins compatible for Editor in 0.45 ms, found 0 plugins.
Preloading 0 native plugins for Editor in 0.00 ms.
Unloading 2440 Unused Serialized files (Serialized files now loaded: 0)
System memory in use before: 114.8 MB.
System memory in use after: 115.0 MB.

Unloading 12 unused Assets to reduce memory usage. Loaded Objects now: 2884.
Total: 2.485200 ms (FindLiveObjects: 0.468000 ms CreateObjectMapping: 0.185100 ms MarkObjects: 1.749500 ms  DeleteObjects: 0.081700 ms)

========================================================================
Received Import Request.
  path: Assets/Scripts/Monster/MonsterController.cs
  artifactKey: Guid(dbbba17c0915e0246a49096ae353bd54) Importer(815301076,1909f56bfc062723c751e8b465ee728b)
Start importing Assets/Scripts/Monster/MonsterController.cs using Guid(dbbba17c0915e0246a49096ae353bd54) Importer(815301076,1909f56bfc062723c751e8b465ee728b)  -> (artifact id: 'be9ad6f56660431d72215b142d9b20eb') in 0.043463 seconds
  Import took 0.047304 seconds .

========================================================================
Received Import Request.
  Time since last request: 0.000215 seconds.
  path: Assets/Scripts/Monster/VenomBullet.cs
  artifactKey: Guid(6d8e4c8e82a7a8d4586d6f51eac1962f) Importer(815301076,1909f56bfc062723c751e8b465ee728b)
Start importing Assets/Scripts/Monster/VenomBullet.cs using Guid(6d8e4c8e82a7a8d4586d6f51eac1962f) Importer(815301076,1909f56bfc062723c751e8b465ee728b)  -> (artifact id: '48491867ad05dcb5f94bb272a7f6180b') in 0.001049 seconds
  Import took 0.004106 seconds .

========================================================================
Received Import Request.
  Time since last request: 0.000148 seconds.
  path: Assets/Scripts/Monster/VenomMushroomController.cs
  artifactKey: Guid(99e417102e4d0f14fa57c4ac711450da) Importer(815301076,1909f56bfc062723c751e8b465ee728b)
Start importing Assets/Scripts/Monster/VenomMushroomController.cs using Guid(99e417102e4d0f14fa57c4ac711450da) Importer(815301076,1909f56bfc062723c751e8b465ee728b)  -> (artifact id: '741e04da03f78ec394c47515ad521d5c') in 0.006041 seconds
  Import took 0.009030 seconds .

========================================================================
Received Import Request.
  Time since last request: 0.000202 seconds.
  path: Assets/Scripts/Monster/LarvaController.cs
  artifactKey: Guid(1403f476a80b3e84ba8abd64898d9d1e) Importer(815301076,1909f56bfc062723c751e8b465ee728b)
Start importing Assets/Scripts/Monster/LarvaController.cs using Guid(1403f476a80b3e84ba8abd64898d9d1e) Importer(815301076,1909f56bfc062723c751e8b465ee728b)  -> (artifact id: '6f9c6e26260d56a1dc3efd4bad7283ca') in 0.001104 seconds
  Import took 0.004130 seconds .

========================================================================
Received Import Request.
  Time since last request: 0.000152 seconds.
  path: Assets/Scripts/Monster/SeedShootingPlantController.cs
  artifactKey: Guid(bf64bb00209c88e47abd26cb1648b5cf) Importer(815301076,1909f56bfc062723c751e8b465ee728b)
Start importing Assets/Scripts/Monster/SeedShootingPlantController.cs using Guid(bf64bb00209c88e47abd26cb1648b5cf) Importer(815301076,1909f56bfc062723c751e8b465ee728b)  -> (artifact id: '8cdf354042fc7013f7687890b17b824d') in 0.002943 seconds
  Import took 0.005556 seconds .

========================================================================
Received Import Request.
  Time since last request: 0.000150 seconds.
  path: Assets/Scripts/Monster/SowBugController.cs
  artifactKey: Guid(6b4f96a84d50ef245a564d4cc4db2a61) Importer(815301076,1909f56bfc062723c751e8b465ee728b)
Start importing Assets/Scripts/Monster/SowBugController.cs using Guid(6b4f96a84d50ef245a564d4cc4db2a61) Importer(815301076,1909f56bfc062723c751e8b465ee728b)  -> (artifact id: '1a479a0940725e13d2903cdad429084b') in 0.001021 seconds
  Import took 0.003522 seconds .

========================================================================
Received Import Request.
  Time since last request: 0.000176 seconds.
  path: Assets/Scripts/Monster/CannibalPlantController.cs
  artifactKey: Guid(74b34f1f86aae9743b1114c74330fb2a) Importer(815301076,1909f56bfc062723c751e8b465ee728b)
Start importing Assets/Scripts/Monster/CannibalPlantController.cs using Guid(74b34f1f86aae9743b1114c74330fb2a) Importer(815301076,1909f56bfc062723c751e8b465ee728b)  -> (artifact id: 'a69025364cc545a017106eca308d2ece') in 0.001352 seconds
  Import took 0.004418 seconds .

========================================================================
Received Import Request.
  Time since last request: 0.048034 seconds.
  path: Assets/Scripts/Monster/VenomShootingPlantController.cs
  artifactKey: Guid(1c51825ef733bef4f824f78b4280b7f1) Importer(815301076,1909f56bfc062723c751e8b465ee728b)
Start importing Assets/Scripts/Monster/VenomShootingPlantController.cs using Guid(1c51825ef733bef4f824f78b4280b7f1) Importer(815301076,1909f56bfc062723c751e8b465ee728b)  -> (artifact id: '240470e565a00c7ea60faadc3a964782') in 0.001059 seconds
  Import took 0.004377 seconds .

AssetImportWorkerClient::OnTransportError - code=2 error=End of file
